[INFO ] 2023-03-11 16:27:10.647 [main] automation - url opened
[INFO ] 2023-03-11 16:27:10.664 [main] automation - URL is opened
[INFO ] 2023-03-11 16:27:10.785 [main] automation - Entered username
[INFO ] 2023-03-11 16:27:10.923 [main] automation - Entered password
[INFO ] 2023-03-11 16:27:12.461 [main] automation - Login test passed
[INFO ] 2023-03-11 16:47:14.371 [main] automation - url opened
[INFO ] 2023-03-11 16:47:14.513 [main] automation - URL is opened
[INFO ] 2023-03-11 16:47:14.635 [main] automation - Entered username
[INFO ] 2023-03-11 16:47:14.758 [main] automation - Entered password
[INFO ] 2023-03-11 16:47:16.422 [main] automation - click on login button
[INFO ] 2023-03-11 16:47:16.456 [main] automation - Login test passed
[INFO ] 2023-03-11 16:59:27.929 [main] automation - url opened
[INFO ] 2023-03-11 16:59:28.107 [main] automation - URL is opened
[INFO ] 2023-03-11 16:59:28.273 [main] automation - Entered username
[INFO ] 2023-03-11 16:59:28.423 [main] automation - Entered password
[INFO ] 2023-03-11 16:59:29.966 [main] automation - click on login button
[INFO ] 2023-03-11 16:59:29.997 [main] automation - Login test passed
[INFO ] 2023-03-11 17:04:35.035 [main] automation - url opened
[INFO ] 2023-03-11 17:04:35.176 [main] automation - URL is opened
[INFO ] 2023-03-11 17:04:35.281 [main] automation - Entered username
[INFO ] 2023-03-11 17:04:35.362 [main] automation - Entered password
[INFO ] 2023-03-11 17:04:37.019 [main] automation - click on login button
[INFO ] 2023-03-11 17:04:37.048 [main] automation - Login test passed
[INFO ] 2023-03-11 17:07:40.059 [main] automation - url opened
[INFO ] 2023-03-11 17:07:40.233 [main] automation - URL is opened
[INFO ] 2023-03-11 17:07:40.423 [main] automation - Entered username
[INFO ] 2023-03-11 17:07:40.497 [main] automation - Entered password
[INFO ] 2023-03-11 17:07:41.935 [main] automation - click on login button
[INFO ] 2023-03-11 17:07:41.964 [main] automation - Login test passed
[INFO ] 2023-03-11 17:12:50.754 [main] automation - url opened
[INFO ] 2023-03-11 17:12:50.902 [main] automation - URL is opened
[INFO ] 2023-03-11 17:12:51.038 [main] automation - Entered username
[INFO ] 2023-03-11 17:12:51.139 [main] automation - Entered password
[INFO ] 2023-03-11 17:12:52.781 [main] automation - click on login button
[INFO ] 2023-03-11 17:12:52.854 [main] automation - Login test passed
[INFO ] 2023-03-11 17:35:59.671 [main] automation - url opened
[INFO ] 2023-03-11 17:35:59.830 [main] automation - URL is opened
[INFO ] 2023-03-11 17:36:00.003 [main] automation - Entered username
[INFO ] 2023-03-11 17:36:00.097 [main] automation - Entered password
[INFO ] 2023-03-11 17:36:01.656 [main] automation - click on login button
[INFO ] 2023-03-11 17:36:01.686 [main] automation - Login test passed
[INFO ] 2023-03-11 17:41:00.641 [main] automation - url opened
[INFO ] 2023-03-11 17:41:00.792 [main] automation - URL is opened
[INFO ] 2023-03-11 17:41:00.909 [main] automation - Entered username
[INFO ] 2023-03-11 17:41:01.054 [main] automation - Entered password
[INFO ] 2023-03-11 17:41:02.678 [main] automation - click on login button
[INFO ] 2023-03-11 17:41:02.707 [main] automation - Login test passed
[INFO ] 2023-03-11 17:52:10.356 [main] automation - url opened
[INFO ] 2023-03-11 17:52:10.504 [main] automation - URL is opened
[INFO ] 2023-03-11 17:52:10.614 [main] automation - Entered username
[INFO ] 2023-03-11 17:52:10.771 [main] automation - Entered password
[INFO ] 2023-03-11 17:52:12.441 [main] automation - click on login button
[INFO ] 2023-03-11 17:52:12.469 [main] automation - Login test passed
[INFO ] 2023-03-11 17:57:00.526 [main] automation - url opened
[INFO ] 2023-03-11 17:57:00.685 [main] automation - URL is opened
[INFO ] 2023-03-11 17:57:00.816 [main] automation - Entered username
[INFO ] 2023-03-11 17:57:00.887 [main] automation - Entered password
[INFO ] 2023-03-11 17:57:02.353 [main] automation - click on login button
[INFO ] 2023-03-11 17:57:02.383 [main] automation - Login test passed
[INFO ] 2023-03-11 19:05:41.160 [main] automation - url opened
[INFO ] 2023-03-11 19:10:10.913 [main] automation - url opened
[INFO ] 2023-03-11 19:12:43.544 [main] automation - url opened
[INFO ] 2023-03-11 19:12:44.528 [main] automation - URL is opened
[INFO ] 2023-03-11 19:12:44.760 [main] automation - Entered username
[INFO ] 2023-03-11 19:12:44.837 [main] automation - Entered password
[INFO ] 2023-03-11 19:12:46.425 [main] automation - click on login button
[INFO ] 2023-03-11 19:12:46.454 [main] automation - Login test passed
[INFO ] 2023-03-11 19:14:42.305 [main] automation - url opened
[INFO ] 2023-03-11 19:14:43.192 [main] automation - URL is opened
[INFO ] 2023-03-11 19:14:43.301 [main] automation - Entered username
[INFO ] 2023-03-11 19:14:43.374 [main] automation - Entered password
[INFO ] 2023-03-11 19:14:45.074 [main] automation - click on login button
[INFO ] 2023-03-11 19:14:45.102 [main] automation - Login test passed
[INFO ] 2023-03-11 19:26:04.557 [main] automation - url opened
[INFO ] 2023-03-11 19:26:05.777 [main] automation - user name provided
[INFO ] 2023-03-11 19:26:05.846 [main] automation - password provided
[INFO ] 2023-03-11 19:26:10.658 [main] automation - Login passed
[INFO ] 2023-03-11 19:28:38.454 [main] automation - url opened
[INFO ] 2023-03-11 19:28:39.574 [main] automation - user name provided
[INFO ] 2023-03-11 19:28:39.672 [main] automation - password provided
[INFO ] 2023-03-11 19:59:38.416 [main] automation - url opened
[INFO ] 2023-03-11 19:59:39.406 [main] automation - user name provided
[INFO ] 2023-03-11 19:59:39.520 [main] automation - password provided
[INFO ] 2023-03-11 19:59:50.101 [main] automation - url opened
[INFO ] 2023-03-11 19:59:50.229 [main] automation - URL is opened
[INFO ] 2023-03-11 19:59:50.331 [main] automation - Entered username
[INFO ] 2023-03-11 19:59:50.412 [main] automation - Entered password
[INFO ] 2023-03-11 19:59:52.028 [main] automation - click on login button
[INFO ] 2023-03-11 19:59:52.054 [main] automation - Login test passed
[INFO ] 2023-03-11 20:03:58.404 [main] automation - url opened
[INFO ] 2023-03-11 20:03:59.389 [main] automation - user name provided
[INFO ] 2023-03-11 20:03:59.505 [main] automation - password provided
[INFO ] 2023-03-11 20:04:13.117 [main] automation - url opened
[INFO ] 2023-03-11 20:04:13.268 [main] automation - URL is opened
[INFO ] 2023-03-11 20:04:13.383 [main] automation - Entered username
[INFO ] 2023-03-11 20:04:13.543 [main] automation - Entered password
[INFO ] 2023-03-11 20:04:15.261 [main] automation - click on login button
[INFO ] 2023-03-11 20:04:15.290 [main] automation - Login test passed
[INFO ] 2023-03-11 20:16:37.105 [main] automation - url opened
[INFO ] 2023-03-11 20:16:38.179 [main] automation - user name provided
[INFO ] 2023-03-11 20:16:38.253 [main] automation - password provided
[INFO ] 2023-03-11 20:16:49.944 [main] automation - url opened
[INFO ] 2023-03-11 20:16:50.070 [main] automation - URL is opened
[INFO ] 2023-03-11 20:16:50.165 [main] automation - Entered username
[INFO ] 2023-03-11 20:16:50.235 [main] automation - Entered password
[INFO ] 2023-03-11 20:16:52.294 [main] automation - click on login button
[INFO ] 2023-03-11 20:16:52.322 [main] automation - Login test passed
[INFO ] 2023-03-11 20:34:14.554 [main] automation - url opened
[INFO ] 2023-03-11 20:34:15.544 [main] automation - user name provided
[INFO ] 2023-03-11 20:34:15.660 [main] automation - password provided
[INFO ] 2023-03-11 20:34:28.357 [main] automation - url opened
[INFO ] 2023-03-11 20:34:28.510 [main] automation - URL is opened
[INFO ] 2023-03-11 20:34:28.598 [main] automation - Entered username
[INFO ] 2023-03-11 20:34:28.670 [main] automation - Entered password
[INFO ] 2023-03-11 20:34:30.728 [main] automation - click on login button
[INFO ] 2023-03-11 20:34:30.755 [main] automation - Login test passed
[INFO ] 2023-03-11 20:37:16.370 [main] automation - url opened
[INFO ] 2023-03-11 20:37:17.341 [main] automation - user name provided
[INFO ] 2023-03-11 20:37:17.498 [main] automation - password provided
[INFO ] 2023-03-11 20:37:28.504 [main] automation - url opened
[INFO ] 2023-03-11 20:37:28.631 [main] automation - URL is opened
[INFO ] 2023-03-11 20:37:28.738 [main] automation - Entered username
[INFO ] 2023-03-11 20:37:28.879 [main] automation - Entered password
[INFO ] 2023-03-11 20:37:30.285 [main] automation - click on login button
[INFO ] 2023-03-11 20:37:30.312 [main] automation - Login test passed
[INFO ] 2023-03-11 20:40:29.529 [main] automation - url opened
[INFO ] 2023-03-11 20:40:30.546 [main] automation - user name provided
[INFO ] 2023-03-11 20:40:30.622 [main] automation - password provided
[INFO ] 2023-03-11 20:40:31.056 [main] automation - click on login
[INFO ] 2023-03-11 20:40:42.556 [main] automation - url opened
[INFO ] 2023-03-11 20:40:42.691 [main] automation - URL is opened
[INFO ] 2023-03-11 20:40:42.771 [main] automation - Entered username
[INFO ] 2023-03-11 20:40:42.878 [main] automation - Entered password
[INFO ] 2023-03-11 20:40:45.066 [main] automation - click on login button
[INFO ] 2023-03-11 20:40:45.092 [main] automation - Login test passed
[INFO ] 2023-03-11 20:47:05.014 [main] automation - url opened
[INFO ] 2023-03-11 20:47:06.073 [main] automation - user name provided
[INFO ] 2023-03-11 20:47:06.142 [main] automation - password provided
[INFO ] 2023-03-11 20:47:06.571 [main] automation - click on login
[INFO ] 2023-03-11 20:47:49.857 [main] automation - url opened
[INFO ] 2023-03-11 20:47:50.902 [main] automation - user name provided
[INFO ] 2023-03-11 20:47:50.975 [main] automation - password provided
[INFO ] 2023-03-11 20:47:51.402 [main] automation - click on login
[INFO ] 2023-03-11 20:48:02.310 [main] automation - url opened
[INFO ] 2023-03-11 20:48:02.439 [main] automation - URL is opened
[INFO ] 2023-03-11 20:48:02.554 [main] automation - Entered username
[INFO ] 2023-03-11 20:48:02.629 [main] automation - Entered password
[INFO ] 2023-03-11 20:48:04.047 [main] automation - click on login button
[INFO ] 2023-03-11 20:48:04.074 [main] automation - Login test passed
[INFO ] 2023-03-11 20:54:40.355 [main] automation - url opened
[INFO ] 2023-03-11 20:54:43.487 [main] automation - user name provided
[INFO ] 2023-03-11 20:54:43.553 [main] automation - password provided
[INFO ] 2023-03-11 20:54:47.244 [main] automation - click on login
[INFO ] 2023-03-11 20:54:50.273 [main] automation - Login passed
[INFO ] 2023-03-11 20:55:07.251 [main] automation - url opened
[INFO ] 2023-03-11 20:55:07.395 [main] automation - URL is opened
[INFO ] 2023-03-11 20:55:07.508 [main] automation - Entered username
[INFO ] 2023-03-11 20:55:07.646 [main] automation - Entered password
[INFO ] 2023-03-11 20:55:09.519 [main] automation - click on login button
[INFO ] 2023-03-11 20:55:09.547 [main] automation - Login test passed
[INFO ] 2023-03-11 20:57:33.687 [main] automation - url opened
[INFO ] 2023-03-11 20:57:34.799 [main] automation - user name provided
[INFO ] 2023-03-11 20:57:34.870 [main] automation - password provided
[INFO ] 2023-03-11 20:57:37.119 [main] automation - click on login
[INFO ] 2023-03-11 20:57:40.144 [main] automation - Login passed
[INFO ] 2023-03-11 20:57:58.391 [main] automation - url opened
[INFO ] 2023-03-11 20:57:58.522 [main] automation - URL is opened
[INFO ] 2023-03-11 20:57:58.608 [main] automation - Entered username
[INFO ] 2023-03-11 20:57:58.683 [main] automation - Entered password
[INFO ] 2023-03-11 20:58:00.938 [main] automation - click on login button
[INFO ] 2023-03-11 20:58:00.963 [main] automation - Login test passed
[INFO ] 2023-03-11 20:59:10.331 [main] automation - url opened
[INFO ] 2023-03-11 20:59:13.385 [main] automation - user name provided
[INFO ] 2023-03-11 20:59:13.455 [main] automation - password provided
[INFO ] 2023-03-11 20:59:14.455 [main] automation - click on login
[INFO ] 2023-03-11 20:59:17.469 [main] automation - Login failed
[INFO ] 2023-03-11 20:59:25.415 [main] automation - url opened
[INFO ] 2023-03-11 20:59:25.550 [main] automation - URL is opened
[INFO ] 2023-03-11 20:59:25.677 [main] automation - Entered username
[INFO ] 2023-03-11 20:59:25.748 [main] automation - Entered password
[INFO ] 2023-03-11 20:59:27.607 [main] automation - click on login button
[INFO ] 2023-03-11 20:59:27.635 [main] automation - Login test passed
[INFO ] 2023-03-11 21:03:55.820 [main] automation - url opened
[INFO ] 2023-03-11 21:03:56.828 [main] automation - user name provided
[INFO ] 2023-03-11 21:03:56.948 [main] automation - password provided
[INFO ] 2023-03-11 21:03:57.428 [main] automation - click on login
[INFO ] 2023-03-11 21:04:09.005 [main] automation - url opened
[INFO ] 2023-03-11 21:04:09.130 [main] automation - URL is opened
[INFO ] 2023-03-11 21:04:09.219 [main] automation - Entered username
[INFO ] 2023-03-11 21:04:09.375 [main] automation - Entered password
[INFO ] 2023-03-11 21:04:11.289 [main] automation - click on login button
[INFO ] 2023-03-11 21:04:11.318 [main] automation - Login test passed
[INFO ] 2023-03-11 21:11:27.406 [main] automation - url opened
[INFO ] 2023-03-11 21:11:28.441 [main] automation - user name provided
[INFO ] 2023-03-11 21:11:28.560 [main] automation - password provided
[INFO ] 2023-03-11 21:11:29.033 [main] automation - click on login
[INFO ] 2023-03-11 21:11:40.768 [main] automation - url opened
[INFO ] 2023-03-11 21:11:40.902 [main] automation - URL is opened
[INFO ] 2023-03-11 21:11:41.056 [main] automation - Entered username
[INFO ] 2023-03-11 21:11:41.244 [main] automation - Entered password
[INFO ] 2023-03-11 21:11:42.857 [main] automation - click on login button
[INFO ] 2023-03-11 21:11:42.905 [main] automation - Login test passed
[INFO ] 2023-03-11 21:15:07.126 [main] automation - url opened
[INFO ] 2023-03-11 21:15:08.421 [main] automation - user name provided
[INFO ] 2023-03-11 21:15:08.491 [main] automation - password provided
[INFO ] 2023-03-11 21:15:08.954 [main] automation - click on login
[INFO ] 2023-03-11 21:15:11.972 [main] automation - Login failed
[INFO ] 2023-03-11 21:15:19.691 [main] automation - url opened
[INFO ] 2023-03-11 21:15:19.828 [main] automation - URL is opened
[INFO ] 2023-03-11 21:15:19.969 [main] automation - Entered username
[INFO ] 2023-03-11 21:15:20.052 [main] automation - Entered password
[INFO ] 2023-03-11 21:15:22.131 [main] automation - click on login button
[INFO ] 2023-03-11 21:15:22.159 [main] automation - Login test passed
[INFO ] 2023-03-11 21:18:17.766 [main] automation - url opened
[INFO ] 2023-03-11 21:18:18.717 [main] automation - user name provided
[INFO ] 2023-03-11 21:18:18.786 [main] automation - password provided
[INFO ] 2023-03-11 21:18:19.277 [main] automation - click on login
[INFO ] 2023-03-11 21:18:22.292 [main] automation - Login failed
[INFO ] 2023-03-11 21:18:31.377 [main] automation - url opened
[INFO ] 2023-03-11 21:18:31.501 [main] automation - URL is opened
[INFO ] 2023-03-11 21:18:31.582 [main] automation - Entered username
[INFO ] 2023-03-11 21:18:31.700 [main] automation - Entered password
[INFO ] 2023-03-11 21:18:33.209 [main] automation - click on login button
[INFO ] 2023-03-11 21:18:33.234 [main] automation - Login test passed
[INFO ] 2023-03-11 21:23:14.888 [main] automation - url opened
[INFO ] 2023-03-11 21:23:16.003 [main] automation - user name provided
[INFO ] 2023-03-11 21:23:16.166 [main] automation - password provided
[INFO ] 2023-03-11 21:23:16.622 [main] automation - click on login
[INFO ] 2023-03-11 21:23:19.637 [main] automation - Login failed
[INFO ] 2023-03-11 21:23:27.730 [main] automation - url opened
[INFO ] 2023-03-11 21:23:27.879 [main] automation - URL is opened
[INFO ] 2023-03-11 21:23:27.979 [main] automation - Entered username
[INFO ] 2023-03-11 21:23:28.118 [main] automation - Entered password
[INFO ] 2023-03-11 21:23:30.362 [main] automation - click on login button
[INFO ] 2023-03-11 21:23:30.396 [main] automation - Login test passed
[INFO ] 2023-03-11 21:32:40.647 [main] automation - url opened
[INFO ] 2023-03-11 21:32:44.568 [main] automation - user name provided
[INFO ] 2023-03-11 21:32:44.641 [main] automation - password provided
[INFO ] 2023-03-11 21:32:46.257 [main] automation - click on login
[INFO ] 2023-03-11 21:32:49.491 [main] automation - Login passed
[INFO ] 2023-03-11 21:33:03.699 [main] automation - url opened
[INFO ] 2023-03-11 21:33:03.834 [main] automation - URL is opened
[INFO ] 2023-03-11 21:33:03.921 [main] automation - Entered username
[INFO ] 2023-03-11 21:33:03.990 [main] automation - Entered password
[INFO ] 2023-03-11 21:33:05.674 [main] automation - click on login button
[INFO ] 2023-03-11 21:33:05.697 [main] automation - Login test passed
[INFO ] 2023-03-11 23:40:25.773 [main] automation - url opened
[INFO ] 2023-03-11 23:40:29.244 [main] automation - user name provided
[INFO ] 2023-03-11 23:40:29.350 [main] automation - password provided
[INFO ] 2023-03-11 23:40:29.801 [main] automation - click on login
[INFO ] 2023-03-11 23:40:32.816 [main] automation - Login failed
[INFO ] 2023-03-13 14:07:45.001 [main] automation - url opened
[INFO ] 2023-03-13 14:07:45.973 [main] automation - user name provided
[INFO ] 2023-03-13 14:07:46.103 [main] automation - password provided
[INFO ] 2023-03-13 14:07:46.622 [main] automation - click on login
[INFO ] 2023-03-13 14:07:49.630 [main] automation - Login failed
[INFO ] 2023-03-13 14:09:19.653 [main] automation - url opened
[INFO ] 2023-03-13 14:09:20.651 [main] automation - user name provided
[INFO ] 2023-03-13 14:09:20.717 [main] automation - password provided
[INFO ] 2023-03-13 14:09:21.218 [main] automation - click on login
[INFO ] 2023-03-13 14:09:24.233 [main] automation - Login failed
[INFO ] 2023-03-13 14:09:31.348 [main] automation - url opened
[INFO ] 2023-03-13 14:09:31.476 [main] automation - URL is opened
[INFO ] 2023-03-13 14:09:31.562 [main] automation - Entered username
[INFO ] 2023-03-13 14:09:31.653 [main] automation - Entered password
[INFO ] 2023-03-13 14:09:33.093 [main] automation - click on login button
[INFO ] 2023-03-13 14:09:33.118 [main] automation - Login test passed
[INFO ] 2023-03-18 11:11:02.376 [main] automation - url opened
[INFO ] 2023-03-18 11:11:04.100 [main] automation - user name provided
[INFO ] 2023-03-18 11:11:04.216 [main] automation - password provided
[INFO ] 2023-03-18 11:11:04.992 [main] automation - click on login
[INFO ] 2023-03-18 11:11:08.004 [main] automation - Login failed
[INFO ] 2023-03-18 11:11:32.702 [main] automation - url opened
[INFO ] 2023-03-18 11:11:34.339 [main] automation - user name provided
[INFO ] 2023-03-18 11:11:34.567 [main] automation - password provided
[INFO ] 2023-03-18 11:11:35.056 [main] automation - click on login
[INFO ] 2023-03-18 11:11:38.074 [main] automation - Login failed
[INFO ] 2023-03-18 11:11:45.029 [main] automation - url opened
[INFO ] 2023-03-18 11:11:45.164 [main] automation - URL is opened
[INFO ] 2023-03-18 11:11:45.297 [main] automation - Entered username
[INFO ] 2023-03-18 11:11:45.569 [main] automation - Entered password
[INFO ] 2023-03-18 11:11:47.164 [main] automation - click on login button
[INFO ] 2023-03-18 11:11:47.211 [main] automation - Login test passed
[INFO ] 2023-03-18 11:14:50.046 [main] automation - url opened
[INFO ] 2023-03-18 11:14:56.001 [main] automation - user name provided
[INFO ] 2023-03-18 11:14:56.106 [main] automation - password provided
[INFO ] 2023-03-18 11:14:57.762 [main] automation - click on login
[INFO ] 2023-03-18 11:15:01.374 [main] automation - Login passed
[INFO ] 2023-03-18 11:15:12.843 [main] automation - url opened
[INFO ] 2023-03-18 11:15:12.998 [main] automation - URL is opened
[INFO ] 2023-03-18 11:15:13.141 [main] automation - Entered username
[INFO ] 2023-03-18 11:15:13.377 [main] automation - Entered password
[INFO ] 2023-03-18 11:15:15.401 [main] automation - click on login button
[INFO ] 2023-03-18 11:15:15.559 [main] automation - Login test passed
[INFO ] 2023-03-24 10:35:15.720 [main] automation - url opened
[INFO ] 2023-03-24 10:35:17.672 [main] automation - user name provided
[INFO ] 2023-03-24 10:35:17.786 [main] automation - password provided
[INFO ] 2023-03-24 10:35:20.323 [main] automation - click on login
[INFO ] 2023-03-24 10:35:24.069 [main] automation - Login passed
[INFO ] 2023-03-24 10:35:39.228 [main] automation - url opened
[INFO ] 2023-03-24 10:35:39.374 [main] automation - URL is opened
[INFO ] 2023-03-24 10:35:39.579 [main] automation - Entered username
[INFO ] 2023-03-24 10:35:39.798 [main] automation - Entered password
[INFO ] 2023-03-24 10:35:42.069 [main] automation - click on login button
[INFO ] 2023-03-24 10:35:42.121 [main] automation - Login test passed
